<?xml version="1.0" encoding="UTF-8"?>
<robot generator="Robot 4.1.3 (Python 3.10.4 on win32)" generated="20220610 16:23:01.872" rpa="false" schemaversion="2">
<suite id="s1" name="Tests" source="C:\Files\health_Check\Automation_healthcheck\tests">
<suite id="s1-s1" name="CloudifyTEMSolution Prod" source="C:\Files\health_Check\Automation_healthcheck\tests\CloudifyTEMSolution_Prod.robot">
<test id="s1-s1-t1" name="robotframework-testing_selenium">
<kw name="Open Browser" library="SeleniumLibrary">
<arg>http://23.101.153.192/console/login</arg>
<arg>${BROWSER}</arg>
<doc>Opens a new browser instance to the optional ``url``.</doc>
<msg timestamp="20220610 16:23:02.091" level="INFO">Opening browser 'chrome' to base url 'http://23.101.153.192/console/login'.</msg>
<status status="PASS" starttime="20220610 16:23:02.091" endtime="20220610 16:23:04.671"/>
</kw>
<kw name="Sleep" library="BuiltIn">
<arg>3s</arg>
<doc>Pauses the test executed for the given time.</doc>
<status status="FAIL" starttime="20220610 16:23:04.672" endtime="20220610 16:23:05.849"/>
</kw>
<kw name="type">
<arg>name=username</arg>
<arg>admin</arg>
<status status="NOT RUN" starttime="20220610 16:23:05.852" endtime="20220610 16:23:05.852"/>
</kw>
<kw name="Sleep" library="BuiltIn">
<arg>2s</arg>
<doc>Pauses the test executed for the given time.</doc>
<status status="NOT RUN" starttime="20220610 16:23:05.852" endtime="20220610 16:23:05.852"/>
</kw>
<kw name="click">
<arg>name=password</arg>
<status status="NOT RUN" starttime="20220610 16:23:05.853" endtime="20220610 16:23:05.853"/>
</kw>
<kw name="type">
<arg>name=password</arg>
<arg>admin</arg>
<status status="NOT RUN" starttime="20220610 16:23:05.854" endtime="20220610 16:23:05.854"/>
</kw>
<kw name="Sleep" library="BuiltIn">
<arg>2s</arg>
<doc>Pauses the test executed for the given time.</doc>
<status status="NOT RUN" starttime="20220610 16:23:05.854" endtime="20220610 16:23:05.854"/>
</kw>
<kw name="click">
<arg>xpath=//button[@type='submit']</arg>
<status status="NOT RUN" starttime="20220610 16:23:05.855" endtime="20220610 16:23:05.855"/>
</kw>
<kw name="Sleep" library="BuiltIn">
<arg>10s</arg>
<doc>Pauses the test executed for the given time.</doc>
<status status="NOT RUN" starttime="20220610 16:23:05.855" endtime="20220610 16:23:05.855"/>
</kw>
<kw name="click">
<arg>xpath=(//div[@class="sc-jrAGrp dXWCyY sidebarItemWrapper"])[9]</arg>
<status status="NOT RUN" starttime="20220610 16:23:05.856" endtime="20220610 16:23:05.856"/>
</kw>
<kw name="Sleep" library="BuiltIn">
<arg>3s</arg>
<doc>Pauses the test executed for the given time.</doc>
<status status="NOT RUN" starttime="20220610 16:23:05.857" endtime="20220610 16:23:05.857"/>
</kw>
<kw name="click">
<arg>xpath=//span[text()='Logout']</arg>
<status status="NOT RUN" starttime="20220610 16:23:05.857" endtime="20220610 16:23:05.857"/>
</kw>
<kw name="Close Browser" library="SeleniumLibrary" type="TEARDOWN">
<doc>Closes the current browser.</doc>
<msg timestamp="20220610 16:23:05.968" level="WARN">Retrying (Retry(total=2, connect=None, read=None, redirect=None, status=None)) after connection broken by 'ProtocolError('Connection aborted.', ConnectionResetError(10054, 'An existing connection was forcibly closed by the remote host', None, 10054, None))': /session/95b9beca431587f69c3560df96ec99c3</msg>
<errors>
<msg timestamp="20220610 16:23:05.968" level="WARN">Retrying (Retry(total=2, connect=None, read=None, redirect=None, status=None)) after connection broken by 'ProtocolError('Connection aborted.', ConnectionResetError(10054, 'An existing connection was forcibly closed by the remote host', None, 10054, None))': /session/95b9beca431587f69c3560df96ec99c3</msg>
<msg timestamp="20220610 16:23:12.096" level="ERROR">Execution stopped by user.</msg>
</errors>
</robot>
